<?xml version="1.0" encoding="UTF-8"?>
<!-- Generated by org.testng.reporters.JUnitReportReporter -->
<testsuite skipped="0" hostname="DESKTOP-ADV551E" name="com.configTest.DBTest" tests="1" failures="0" timestamp="10 Mar 2019 11:30:55 GMT" time="1.313" errors="0">
  <testcase name="dbTest" time="1.313" classname="com.configTest.DBTest"/>
</testsuite> <!-- com.configTest.DBTest -->
