<?xml version="1.0" encoding="UTF-8"?>
<!-- Generated by org.testng.reporters.JUnitReportReporter -->
<testsuite skipped="0" hostname="DESKTOP-ADV551E" name="com.configTest.DBTest" tests="1" failures="0" timestamp="09 Mar 2019 09:03:11 GMT" time="1.279" errors="0">
  <testcase name="dbTest" time="1.279" classname="com.configTest.DBTest"/>
</testsuite> <!-- com.configTest.DBTest -->
