<?xml version="1.0" encoding="UTF-8"?>
<!-- Generated by org.testng.reporters.JUnitReportReporter -->
<testsuite skipped="0" hostname="DESKTOP-ADV551E" name="com.configTest.ConfigTest1" tests="1" failures="0" timestamp="12 Mar 2019 04:10:52 GMT" time="0.014" errors="0">
  <testcase name="test" time="0.014" classname="com.configTest.ConfigTest1"/>
</testsuite> <!-- com.configTest.ConfigTest1 -->
